[23:22:31.196][INFO]: Successfully injected RecipeFS file system
[23:22:31.276][INFO]: Successfully identified and loaded plugin crafttweaker:builtin
[23:22:31.279][INFO]: Successfully identified and loaded plugin crafttweaker:builtin_forge
[23:22:31.284][INFO]: Successfully identified and loaded plugin farmersdelight:crafttweaker_plugin
[23:22:32.706][INFO]: The following mods have explicit CraftTweaker support through the default plugin:
[23:22:32.708][INFO]: - 'aether' at version '1.19.2-1.4.2-forge'
[23:22:32.709][INFO]: - 'aquaculture' at version '1.19.2-2.4.17'
[23:22:32.709][INFO]: - 'crafttweaker' at version '10.1.56'
[23:22:32.709][INFO]: - 'farmersdelight' at version '1.19.2-1.2.4'
[23:22:32.709][INFO]: - 'gamestages' at version '11.1.4'
[23:22:32.709][INFO]: - 'itemstages' at version '5.1.4'
[23:22:39.088][INFO]: Started loading scripts for loader 'initialize'
[23:22:39.539][INFO]: Compiling and executing scripts
[23:22:39.600][INFO]: Successfully initialized modules [crafttweaker, expansions]
[23:22:39.709][INFO]: Execution for loader 'initialize' completed successfully
[23:22:46.660][INFO]: Started loading scripts for loader 'tags'
[23:22:46.676][INFO]: Compiling and executing scripts
[23:22:46.687][INFO]: Successfully initialized modules [crafttweaker, expansions]
[23:22:46.693][INFO]: Execution for loader 'tags' completed successfully
[23:22:49.679][INFO]: Started loading scripts for loader 'crafttweaker'
[23:22:49.693][INFO]: Compiling and executing scripts
[23:22:49.935][INFO]: Successfully initialized modules [mods, crafttweaker, expansions]
[23:22:49.938][INFO]: Loading file 'Cisco.zs' with priority 0
[23:22:49.954][INFO]: Hello world!
[23:22:49.957][INFO]: Adding 'minecraft:smithing' recipe, with name: 'crafttweaker:dreadsteel_chestplate' that outputs: '<item:dreadsteel:dreadsteel_chestplate>'
[23:22:49.958][INFO]: Adding 'minecraft:smithing' recipe, with name: 'crafttweaker:dreadsteel_helmet' that outputs: '<item:dreadsteel:dreadsteel_helmet>'
[23:22:49.958][INFO]: Adding 'minecraft:smithing' recipe, with name: 'crafttweaker:dreadsteel_boots' that outputs: '<item:dreadsteel:dreadsteel_boots>'
[23:22:49.958][INFO]: Adding 'minecraft:smithing' recipe, with name: 'crafttweaker:dreadsteel_leggings' that outputs: '<item:dreadsteel:dreadsteel_leggings>'
[23:22:49.959][INFO]: Adding 'minecraft:crafting' recipe, of type: "shapeless", with name: 'crafttweaker:dreadsteel_ingot_recipe' that outputs: '<item:dreadsteel:dreadsteel_ingot>'
[23:22:49.959][INFO]: Adding 'minecraft:crafting' recipe, of type: "shapeless", with name: 'crafttweaker:dreadsteel_scythe_recipe' that outputs: '<item:dreadsteel:dreadsteel_scythe>'
[23:22:49.959][INFO]: Adding 'minecraft:crafting' recipe, of type: "shapeless", with name: 'crafttweaker:dreadsteel_shield_recipe' that outputs: '<item:dreadsteel:dreadsteel_shield>'
[23:22:49.960][INFO]: Removing "minecraft:crafting" recipes with modid: "dreadsteel"
[23:22:49.962][INFO]: Adding 'minecraft:crafting' recipe, of type: "shapeless", with name: 'crafttweaker:amnesia_scroll' that outputs: '<item:skilltree:amnesia_scroll>'
[23:22:49.963][INFO]: Adding 'minecraft:crafting' recipe, of type: "shapeless", with name: 'crafttweaker:true_dragons_breath' that outputs: '<item:cisco_mod:true_dragons_breath>'
[23:22:49.966][INFO]: Adding 'minecraft:crafting' recipe, of type: "shapeless", with name: 'crafttweaker:rogue_eye' that outputs: '<item:endrem:rogue_eye>.withTag({Damage: 0})'
[23:22:49.967][INFO]: Adding 'minecraft:crafting' recipe, of type: "shapeless", with name: 'crafttweaker:undead_soul' that outputs: '<item:endrem:undead_soul>'
[23:22:49.967][INFO]: Adding 'minecraft:crafting' recipe, of type: "shapeless", with name: 'crafttweaker:demonium_ingot_recipe' that outputs: '<item:cisco_mod:demonium_ingot>'
[23:22:49.967][INFO]: Adding 'minecraft:crafting' recipe, of type: "shapeless", with name: 'crafttweaker:frigidium_ingot_recipe' that outputs: '<item:cisco_mod:frigidiumingot>'
[23:22:49.967][INFO]: Execution for loader 'crafttweaker' completed successfully
[23:22:49.969][INFO]: This reload was made possible by Zuniroa and more! Become a patron at https://patreon.com/jaredlll08?s=crtmod
